2022/04/03 16:34:53 main.go:15: test
2022/04/05 06:51:33 main.go:16: test
2022/04/05 07:05:27 main.go:16: test
2022/04/05 07:05:27 users.go:27: table users has no column named created_at
2022/04/05 07:06:28 main.go:16: test
2022/04/05 07:06:28 users.go:27: table users has no column named created_at
2022/04/05 07:06:49 main.go:16: test
2022/04/05 07:06:49 users.go:27: table users has no column named created_at
2022/04/05 07:07:05 main.go:16: test
2022/04/05 07:20:19 users.go:62: near "whwre": syntax error
2022/04/05 07:30:44 main.go:18: test
2022/04/05 07:44:56 todos.go:45: no such column: created
2022/04/05 07:45:29 todos.go:45: no such column: createdat
2022/04/05 08:13:17 server.go:3160: http: panic serving [::1]:65081: runtime error: invalid memory address or nil pointer dereference
goroutine 7 [running]:
net/http.(*conn).serve.func1()
	C:/Program Files/Go/src/net/http/server.go:1802 +0xb9
panic({0x7ff7ed508fe0, 0x7ff7ed4ba530})
	C:/Program Files/Go/src/runtime/panic.go:1047 +0x266
html/template.(*Template).escape(0x0)
	C:/Program Files/Go/src/html/template/template.go:97 +0x34
html/template.(*Template).Execute(0x0, {0x7ff7ed5d01c0, 0xc00015a0e0}, {0x0, 0x0})
	C:/Program Files/Go/src/html/template/template.go:121 +0x32
todo_app/app/controllers.top({0x7ff7ed5d66e8, 0xc00015a0e0}, 0x0)
	C:/Users/r193720/Desktop/program/golang/go_udemy/todo_app/app/controllers/route_main.go:10 +0x87
net/http.HandlerFunc.ServeHTTP(0x0, {0x7ff7ed5d66e8, 0xc00015a0e0}, 0x0)
	C:/Program Files/Go/src/net/http/server.go:2047 +0x2f
net/http.(*ServeMux).ServeHTTP(0x0, {0x7ff7ed5d66e8, 0xc00015a0e0}, 0xc0000a2000)
	C:/Program Files/Go/src/net/http/server.go:2425 +0x149
net/http.serverHandler.ServeHTTP({0xc00008c030}, {0x7ff7ed5d66e8, 0xc00015a0e0}, 0xc0000a2000)
	C:/Program Files/Go/src/net/http/server.go:2879 +0x43b
net/http.(*conn).serve(0xc0000734a0, {0x7ff7ed5d7ea0, 0xc0000795f0})
	C:/Program Files/Go/src/net/http/server.go:1930 +0xb08
created by net/http.(*Server).Serve
	C:/Program Files/Go/src/net/http/server.go:3034 +0x4e8
2022/04/05 08:13:17 server.go:3160: http: panic serving [::1]:65082: runtime error: invalid memory address or nil pointer dereference
goroutine 18 [running]:
net/http.(*conn).serve.func1()
	C:/Program Files/Go/src/net/http/server.go:1802 +0xb9
panic({0x7ff7ed508fe0, 0x7ff7ed4ba530})
	C:/Program Files/Go/src/runtime/panic.go:1047 +0x266
html/template.(*Template).escape(0x0)
	C:/Program Files/Go/src/html/template/template.go:97 +0x34
html/template.(*Template).Execute(0x0, {0x7ff7ed5d01c0, 0xc000220000}, {0x0, 0x0})
	C:/Program Files/Go/src/html/template/template.go:121 +0x32
todo_app/app/controllers.top({0x7ff7ed5d66e8, 0xc000220000}, 0x0)
	C:/Users/r193720/Desktop/program/golang/go_udemy/todo_app/app/controllers/route_main.go:10 +0x87
net/http.HandlerFunc.ServeHTTP(0x0, {0x7ff7ed5d66e8, 0xc000220000}, 0x0)
	C:/Program Files/Go/src/net/http/server.go:2047 +0x2f
net/http.(*ServeMux).ServeHTTP(0x0, {0x7ff7ed5d66e8, 0xc000220000}, 0xc000150100)
	C:/Program Files/Go/src/net/http/server.go:2425 +0x149
net/http.serverHandler.ServeHTTP({0xc0000796e0}, {0x7ff7ed5d66e8, 0xc000220000}, 0xc000150100)
	C:/Program Files/Go/src/net/http/server.go:2879 +0x43b
net/http.(*conn).serve(0xc0000aa000, {0x7ff7ed5d7ea0, 0xc0000795f0})
	C:/Program Files/Go/src/net/http/server.go:1930 +0xb08
created by net/http.(*Server).Serve
	C:/Program Files/Go/src/net/http/server.go:3034 +0x4e8
2022/04/05 08:13:17 server.go:3160: http: panic serving [::1]:65083: runtime error: invalid memory address or nil pointer dereference
goroutine 19 [running]:
net/http.(*conn).serve.func1()
	C:/Program Files/Go/src/net/http/server.go:1802 +0xb9
panic({0x7ff7ed508fe0, 0x7ff7ed4ba530})
	C:/Program Files/Go/src/runtime/panic.go:1047 +0x266
html/template.(*Template).escape(0x0)
	C:/Program Files/Go/src/html/template/template.go:97 +0x34
html/template.(*Template).Execute(0x0, {0x7ff7ed5d01c0, 0xc00015a1c0}, {0x0, 0x0})
	C:/Program Files/Go/src/html/template/template.go:121 +0x32
todo_app/app/controllers.top({0x7ff7ed5d66e8, 0xc00015a1c0}, 0x0)
	C:/Users/r193720/Desktop/program/golang/go_udemy/todo_app/app/controllers/route_main.go:10 +0x87
net/http.HandlerFunc.ServeHTTP(0x0, {0x7ff7ed5d66e8, 0xc00015a1c0}, 0x0)
	C:/Program Files/Go/src/net/http/server.go:2047 +0x2f
net/http.(*ServeMux).ServeHTTP(0x0, {0x7ff7ed5d66e8, 0xc00015a1c0}, 0xc0000a2100)
	C:/Program Files/Go/src/net/http/server.go:2425 +0x149
net/http.serverHandler.ServeHTTP({0xc00008c1e0}, {0x7ff7ed5d66e8, 0xc00015a1c0}, 0xc0000a2100)
	C:/Program Files/Go/src/net/http/server.go:2879 +0x43b
net/http.(*conn).serve(0xc0000aa0a0, {0x7ff7ed5d7ea0, 0xc0000795f0})
	C:/Program Files/Go/src/net/http/server.go:1930 +0xb08
created by net/http.(*Server).Serve
	C:/Program Files/Go/src/net/http/server.go:3034 +0x4e8
2022/04/05 08:13:18 server.go:3160: http: panic serving [::1]:65084: runtime error: invalid memory address or nil pointer dereference
goroutine 10 [running]:
net/http.(*conn).serve.func1()
	C:/Program Files/Go/src/net/http/server.go:1802 +0xb9
panic({0x7ff7ed508fe0, 0x7ff7ed4ba530})
	C:/Program Files/Go/src/runtime/panic.go:1047 +0x266
html/template.(*Template).escape(0x0)
	C:/Program Files/Go/src/html/template/template.go:97 +0x34
html/template.(*Template).Execute(0x0, {0x7ff7ed5d01c0, 0xc0000f8000}, {0x0, 0x0})
	C:/Program Files/Go/src/html/template/template.go:121 +0x32
todo_app/app/controllers.top({0x7ff7ed5d66e8, 0xc0000f8000}, 0x0)
	C:/Users/r193720/Desktop/program/golang/go_udemy/todo_app/app/controllers/route_main.go:10 +0x87
net/http.HandlerFunc.ServeHTTP(0x0, {0x7ff7ed5d66e8, 0xc0000f8000}, 0x0)
	C:/Program Files/Go/src/net/http/server.go:2047 +0x2f
net/http.(*ServeMux).ServeHTTP(0x0, {0x7ff7ed5d66e8, 0xc0000f8000}, 0xc000204100)
	C:/Program Files/Go/src/net/http/server.go:2425 +0x149
net/http.serverHandler.ServeHTTP({0xc0002060c0}, {0x7ff7ed5d66e8, 0xc0000f8000}, 0xc000204100)
	C:/Program Files/Go/src/net/http/server.go:2879 +0x43b
net/http.(*conn).serve(0xc000073540, {0x7ff7ed5d7ea0, 0xc0000795f0})
	C:/Program Files/Go/src/net/http/server.go:1930 +0xb08
created by net/http.(*Server).Serve
	C:/Program Files/Go/src/net/http/server.go:3034 +0x4e8
2022/04/05 08:13:27 server.go:3160: http: panic serving [::1]:65085: runtime error: invalid memory address or nil pointer dereference
goroutine 11 [running]:
net/http.(*conn).serve.func1()
	C:/Program Files/Go/src/net/http/server.go:1802 +0xb9
panic({0x7ff7ed508fe0, 0x7ff7ed4ba530})
	C:/Program Files/Go/src/runtime/panic.go:1047 +0x266
html/template.(*Template).escape(0x0)
	C:/Program Files/Go/src/html/template/template.go:97 +0x34
html/template.(*Template).Execute(0x0, {0x7ff7ed5d01c0, 0xc0000f80e0}, {0x0, 0x0})
	C:/Program Files/Go/src/html/template/template.go:121 +0x32
todo_app/app/controllers.top({0x7ff7ed5d66e8, 0xc0000f80e0}, 0x0)
	C:/Users/r193720/Desktop/program/golang/go_udemy/todo_app/app/controllers/route_main.go:10 +0x87
net/http.HandlerFunc.ServeHTTP(0x0, {0x7ff7ed5d66e8, 0xc0000f80e0}, 0x0)
	C:/Program Files/Go/src/net/http/server.go:2047 +0x2f
net/http.(*ServeMux).ServeHTTP(0x0, {0x7ff7ed5d66e8, 0xc0000f80e0}, 0xc0000a2200)
	C:/Program Files/Go/src/net/http/server.go:2425 +0x149
net/http.serverHandler.ServeHTTP({0xc00008c270}, {0x7ff7ed5d66e8, 0xc0000f80e0}, 0xc0000a2200)
	C:/Program Files/Go/src/net/http/server.go:2879 +0x43b
net/http.(*conn).serve(0xc0000735e0, {0x7ff7ed5d7ea0, 0xc0000795f0})
	C:/Program Files/Go/src/net/http/server.go:1930 +0xb08
created by net/http.(*Server).Serve
	C:/Program Files/Go/src/net/http/server.go:3034 +0x4e8
2022/04/05 08:13:27 server.go:3160: http: panic serving [::1]:65086: runtime error: invalid memory address or nil pointer dereference
goroutine 12 [running]:
net/http.(*conn).serve.func1()
	C:/Program Files/Go/src/net/http/server.go:1802 +0xb9
panic({0x7ff7ed508fe0, 0x7ff7ed4ba530})
	C:/Program Files/Go/src/runtime/panic.go:1047 +0x266
html/template.(*Template).escape(0x0)
	C:/Program Files/Go/src/html/template/template.go:97 +0x34
html/template.(*Template).Execute(0x0, {0x7ff7ed5d01c0, 0xc00015a2a0}, {0x0, 0x0})
	C:/Program Files/Go/src/html/template/template.go:121 +0x32
todo_app/app/controllers.top({0x7ff7ed5d66e8, 0xc00015a2a0}, 0x0)
	C:/Users/r193720/Desktop/program/golang/go_udemy/todo_app/app/controllers/route_main.go:10 +0x87
net/http.HandlerFunc.ServeHTTP(0x0, {0x7ff7ed5d66e8, 0xc00015a2a0}, 0x0)
	C:/Program Files/Go/src/net/http/server.go:2047 +0x2f
net/http.(*ServeMux).ServeHTTP(0x0, {0x7ff7ed5d66e8, 0xc00015a2a0}, 0xc0000a2500)
	C:/Program Files/Go/src/net/http/server.go:2425 +0x149
net/http.serverHandler.ServeHTTP({0xc00008c4e0}, {0x7ff7ed5d66e8, 0xc00015a2a0}, 0xc0000a2500)
	C:/Program Files/Go/src/net/http/server.go:2879 +0x43b
net/http.(*conn).serve(0xc000073680, {0x7ff7ed5d7ea0, 0xc0000795f0})
	C:/Program Files/Go/src/net/http/server.go:1930 +0xb08
created by net/http.(*Server).Serve
	C:/Program Files/Go/src/net/http/server.go:3034 +0x4e8
2022/04/05 08:13:27 server.go:3160: http: panic serving [::1]:65087: runtime error: invalid memory address or nil pointer dereference
goroutine 22 [running]:
net/http.(*conn).serve.func1()
	C:/Program Files/Go/src/net/http/server.go:1802 +0xb9
panic({0x7ff7ed508fe0, 0x7ff7ed4ba530})
	C:/Program Files/Go/src/runtime/panic.go:1047 +0x266
html/template.(*Template).escape(0x0)
	C:/Program Files/Go/src/html/template/template.go:97 +0x34
html/template.(*Template).Execute(0x0, {0x7ff7ed5d01c0, 0xc0002200e0}, {0x0, 0x0})
	C:/Program Files/Go/src/html/template/template.go:121 +0x32
todo_app/app/controllers.top({0x7ff7ed5d66e8, 0xc0002200e0}, 0x0)
	C:/Users/r193720/Desktop/program/golang/go_udemy/todo_app/app/controllers/route_main.go:10 +0x87
net/http.HandlerFunc.ServeHTTP(0x0, {0x7ff7ed5d66e8, 0xc0002200e0}, 0x0)
	C:/Program Files/Go/src/net/http/server.go:2047 +0x2f
net/http.(*ServeMux).ServeHTTP(0x0, {0x7ff7ed5d66e8, 0xc0002200e0}, 0xc000150600)
	C:/Program Files/Go/src/net/http/server.go:2425 +0x149
net/http.serverHandler.ServeHTTP({0xc000079b60}, {0x7ff7ed5d66e8, 0xc0002200e0}, 0xc000150600)
	C:/Program Files/Go/src/net/http/server.go:2879 +0x43b
net/http.(*conn).serve(0xc0000aa140, {0x7ff7ed5d7ea0, 0xc0000795f0})
	C:/Program Files/Go/src/net/http/server.go:1930 +0xb08
created by net/http.(*Server).Serve
	C:/Program Files/Go/src/net/http/server.go:3034 +0x4e8
2022/04/05 08:13:27 server.go:3160: http: panic serving [::1]:65088: runtime error: invalid memory address or nil pointer dereference
goroutine 23 [running]:
net/http.(*conn).serve.func1()
	C:/Program Files/Go/src/net/http/server.go:1802 +0xb9
panic({0x7ff7ed508fe0, 0x7ff7ed4ba530})
	C:/Program Files/Go/src/runtime/panic.go:1047 +0x266
html/template.(*Template).escape(0x0)
	C:/Program Files/Go/src/html/template/template.go:97 +0x34
html/template.(*Template).Execute(0x0, {0x7ff7ed5d01c0, 0xc00015a380}, {0x0, 0x0})
	C:/Program Files/Go/src/html/template/template.go:121 +0x32
todo_app/app/controllers.top({0x7ff7ed5d66e8, 0xc00015a380}, 0x0)
	C:/Users/r193720/Desktop/program/golang/go_udemy/todo_app/app/controllers/route_main.go:10 +0x87
net/http.HandlerFunc.ServeHTTP(0x0, {0x7ff7ed5d66e8, 0xc00015a380}, 0x0)
	C:/Program Files/Go/src/net/http/server.go:2047 +0x2f
net/http.(*ServeMux).ServeHTTP(0x0, {0x7ff7ed5d66e8, 0xc00015a380}, 0xc000150700)
	C:/Program Files/Go/src/net/http/server.go:2425 +0x149
net/http.serverHandler.ServeHTTP({0xc000079bc0}, {0x7ff7ed5d66e8, 0xc00015a380}, 0xc000150700)
	C:/Program Files/Go/src/net/http/server.go:2879 +0x43b
net/http.(*conn).serve(0xc0000aa1e0, {0x7ff7ed5d7ea0, 0xc0000795f0})
	C:/Program Files/Go/src/net/http/server.go:1930 +0xb08
created by net/http.(*Server).Serve
	C:/Program Files/Go/src/net/http/server.go:3034 +0x4e8
2022/04/05 08:13:27 server.go:3160: http: panic serving [::1]:65089: runtime error: invalid memory address or nil pointer dereference
goroutine 15 [running]:
net/http.(*conn).serve.func1()
	C:/Program Files/Go/src/net/http/server.go:1802 +0xb9
panic({0x7ff7ed508fe0, 0x7ff7ed4ba530})
	C:/Program Files/Go/src/runtime/panic.go:1047 +0x266
html/template.(*Template).escape(0x0)
	C:/Program Files/Go/src/html/template/template.go:97 +0x34
html/template.(*Template).Execute(0x0, {0x7ff7ed5d01c0, 0xc00015a460}, {0x0, 0x0})
	C:/Program Files/Go/src/html/template/template.go:121 +0x32
todo_app/app/controllers.top({0x7ff7ed5d66e8, 0xc00015a460}, 0x0)
	C:/Users/r193720/Desktop/program/golang/go_udemy/todo_app/app/controllers/route_main.go:10 +0x87
net/http.HandlerFunc.ServeHTTP(0x0, {0x7ff7ed5d66e8, 0xc00015a460}, 0x0)
	C:/Program Files/Go/src/net/http/server.go:2047 +0x2f
net/http.(*ServeMux).ServeHTTP(0x0, {0x7ff7ed5d66e8, 0xc00015a460}, 0xc000150800)
	C:/Program Files/Go/src/net/http/server.go:2425 +0x149
net/http.serverHandler.ServeHTTP({0xc000079d40}, {0x7ff7ed5d66e8, 0xc00015a460}, 0xc000150800)
	C:/Program Files/Go/src/net/http/server.go:2879 +0x43b
net/http.(*conn).serve(0xc000073720, {0x7ff7ed5d7ea0, 0xc0000795f0})
	C:/Program Files/Go/src/net/http/server.go:1930 +0xb08
created by net/http.(*Server).Serve
	C:/Program Files/Go/src/net/http/server.go:3034 +0x4e8
2022/04/05 08:13:29 server.go:3160: http: panic serving [::1]:65090: runtime error: invalid memory address or nil pointer dereference
goroutine 50 [running]:
net/http.(*conn).serve.func1()
	C:/Program Files/Go/src/net/http/server.go:1802 +0xb9
panic({0x7ff7ed508fe0, 0x7ff7ed4ba530})
	C:/Program Files/Go/src/runtime/panic.go:1047 +0x266
html/template.(*Template).escape(0x0)
	C:/Program Files/Go/src/html/template/template.go:97 +0x34
html/template.(*Template).Execute(0x0, {0x7ff7ed5d01c0, 0xc0000f81c0}, {0x0, 0x0})
	C:/Program Files/Go/src/html/template/template.go:121 +0x32
todo_app/app/controllers.top({0x7ff7ed5d66e8, 0xc0000f81c0}, 0x0)
	C:/Users/r193720/Desktop/program/golang/go_udemy/todo_app/app/controllers/route_main.go:10 +0x87
net/http.HandlerFunc.ServeHTTP(0x0, {0x7ff7ed5d66e8, 0xc0000f81c0}, 0x0)
	C:/Program Files/Go/src/net/http/server.go:2047 +0x2f
net/http.(*ServeMux).ServeHTTP(0x0, {0x7ff7ed5d66e8, 0xc0000f81c0}, 0xc000150900)
	C:/Program Files/Go/src/net/http/server.go:2425 +0x149
net/http.serverHandler.ServeHTTP({0xc000079ec0}, {0x7ff7ed5d66e8, 0xc0000f81c0}, 0xc000150900)
	C:/Program Files/Go/src/net/http/server.go:2879 +0x43b
net/http.(*conn).serve(0xc0000737c0, {0x7ff7ed5d7ea0, 0xc0000795f0})
	C:/Program Files/Go/src/net/http/server.go:1930 +0xb08
created by net/http.(*Server).Serve
	C:/Program Files/Go/src/net/http/server.go:3034 +0x4e8
2022/04/05 08:13:29 server.go:3160: http: panic serving [::1]:65091: runtime error: invalid memory address or nil pointer dereference
goroutine 51 [running]:
net/http.(*conn).serve.func1()
	C:/Program Files/Go/src/net/http/server.go:1802 +0xb9
panic({0x7ff7ed508fe0, 0x7ff7ed4ba530})
	C:/Program Files/Go/src/runtime/panic.go:1047 +0x266
html/template.(*Template).escape(0x0)
	C:/Program Files/Go/src/html/template/template.go:97 +0x34
html/template.(*Template).Execute(0x0, {0x7ff7ed5d01c0, 0xc00015a540}, {0x0, 0x0})
	C:/Program Files/Go/src/html/template/template.go:121 +0x32
todo_app/app/controllers.top({0x7ff7ed5d66e8, 0xc00015a540}, 0x0)
	C:/Users/r193720/Desktop/program/golang/go_udemy/todo_app/app/controllers/route_main.go:10 +0x87
net/http.HandlerFunc.ServeHTTP(0x0, {0x7ff7ed5d66e8, 0xc00015a540}, 0x0)
	C:/Program Files/Go/src/net/http/server.go:2047 +0x2f
net/http.(*ServeMux).ServeHTTP(0x0, {0x7ff7ed5d66e8, 0xc00015a540}, 0xc0000a2600)
	C:/Program Files/Go/src/net/http/server.go:2425 +0x149
net/http.serverHandler.ServeHTTP({0xc00008c600}, {0x7ff7ed5d66e8, 0xc00015a540}, 0xc0000a2600)
	C:/Program Files/Go/src/net/http/server.go:2879 +0x43b
net/http.(*conn).serve(0xc000073860, {0x7ff7ed5d7ea0, 0xc0000795f0})
	C:/Program Files/Go/src/net/http/server.go:1930 +0xb08
created by net/http.(*Server).Serve
	C:/Program Files/Go/src/net/http/server.go:3034 +0x4e8
2022/04/05 08:13:29 server.go:3160: http: panic serving [::1]:65092: runtime error: invalid memory address or nil pointer dereference
goroutine 53 [running]:
net/http.(*conn).serve.func1()
	C:/Program Files/Go/src/net/http/server.go:1802 +0xb9
panic({0x7ff7ed508fe0, 0x7ff7ed4ba530})
	C:/Program Files/Go/src/runtime/panic.go:1047 +0x266
html/template.(*Template).escape(0x0)
	C:/Program Files/Go/src/html/template/template.go:97 +0x34
html/template.(*Template).Execute(0x0, {0x7ff7ed5d01c0, 0xc00015a620}, {0x0, 0x0})
	C:/Program Files/Go/src/html/template/template.go:121 +0x32
todo_app/app/controllers.top({0x7ff7ed5d66e8, 0xc00015a620}, 0x0)
	C:/Users/r193720/Desktop/program/golang/go_udemy/todo_app/app/controllers/route_main.go:10 +0x87
net/http.HandlerFunc.ServeHTTP(0x0, {0x7ff7ed5d66e8, 0xc00015a620}, 0x0)
	C:/Program Files/Go/src/net/http/server.go:2047 +0x2f
net/http.(*ServeMux).ServeHTTP(0x0, {0x7ff7ed5d66e8, 0xc00015a620}, 0xc000150b00)
	C:/Program Files/Go/src/net/http/server.go:2425 +0x149
net/http.serverHandler.ServeHTTP({0xc0001f60c0}, {0x7ff7ed5d66e8, 0xc00015a620}, 0xc000150b00)
	C:/Program Files/Go/src/net/http/server.go:2879 +0x43b
net/http.(*conn).serve(0xc000073900, {0x7ff7ed5d7ea0, 0xc0000795f0})
	C:/Program Files/Go/src/net/http/server.go:1930 +0xb08
created by net/http.(*Server).Serve
	C:/Program Files/Go/src/net/http/server.go:3034 +0x4e8
2022/04/05 08:13:37 server.go:3160: http: panic serving [::1]:65095: runtime error: invalid memory address or nil pointer dereference
goroutine 55 [running]:
net/http.(*conn).serve.func1()
	C:/Program Files/Go/src/net/http/server.go:1802 +0xb9
panic({0x7ff7ed508fe0, 0x7ff7ed4ba530})
	C:/Program Files/Go/src/runtime/panic.go:1047 +0x266
html/template.(*Template).escape(0x0)
	C:/Program Files/Go/src/html/template/template.go:97 +0x34
html/template.(*Template).Execute(0x0, {0x7ff7ed5d01c0, 0xc0000f82a0}, {0x0, 0x0})
	C:/Program Files/Go/src/html/template/template.go:121 +0x32
todo_app/app/controllers.top({0x7ff7ed5d66e8, 0xc0000f82a0}, 0x0)
	C:/Users/r193720/Desktop/program/golang/go_udemy/todo_app/app/controllers/route_main.go:10 +0x87
net/http.HandlerFunc.ServeHTTP(0x0, {0x7ff7ed5d66e8, 0xc0000f82a0}, 0x0)
	C:/Program Files/Go/src/net/http/server.go:2047 +0x2f
net/http.(*ServeMux).ServeHTTP(0x0, {0x7ff7ed5d66e8, 0xc0000f82a0}, 0xc0000a2800)
	C:/Program Files/Go/src/net/http/server.go:2425 +0x149
net/http.serverHandler.ServeHTTP({0xc00008c720}, {0x7ff7ed5d66e8, 0xc0000f82a0}, 0xc0000a2800)
	C:/Program Files/Go/src/net/http/server.go:2879 +0x43b
net/http.(*conn).serve(0xc0000739a0, {0x7ff7ed5d7ea0, 0xc0000795f0})
	C:/Program Files/Go/src/net/http/server.go:1930 +0xb08
created by net/http.(*Server).Serve
	C:/Program Files/Go/src/net/http/server.go:3034 +0x4e8
2022/04/05 08:13:37 server.go:3160: http: panic serving [::1]:65096: runtime error: invalid memory address or nil pointer dereference
goroutine 25 [running]:
net/http.(*conn).serve.func1()
	C:/Program Files/Go/src/net/http/server.go:1802 +0xb9
panic({0x7ff7ed508fe0, 0x7ff7ed4ba530})
	C:/Program Files/Go/src/runtime/panic.go:1047 +0x266
html/template.(*Template).escape(0x0)
	C:/Program Files/Go/src/html/template/template.go:97 +0x34
html/template.(*Template).Execute(0x0, {0x7ff7ed5d01c0, 0xc00015a700}, {0x0, 0x0})
	C:/Program Files/Go/src/html/template/template.go:121 +0x32
todo_app/app/controllers.top({0x7ff7ed5d66e8, 0xc00015a700}, 0x0)
	C:/Users/r193720/Desktop/program/golang/go_udemy/todo_app/app/controllers/route_main.go:10 +0x87
net/http.HandlerFunc.ServeHTTP(0x0, {0x7ff7ed5d66e8, 0xc00015a700}, 0x0)
	C:/Program Files/Go/src/net/http/server.go:2047 +0x2f
net/http.(*ServeMux).ServeHTTP(0x0, {0x7ff7ed5d66e8, 0xc00015a700}, 0xc000150d00)
	C:/Program Files/Go/src/net/http/server.go:2425 +0x149
net/http.serverHandler.ServeHTTP({0xc0001f6240}, {0x7ff7ed5d66e8, 0xc00015a700}, 0xc000150d00)
	C:/Program Files/Go/src/net/http/server.go:2879 +0x43b
net/http.(*conn).serve(0xc0000aa280, {0x7ff7ed5d7ea0, 0xc0000795f0})
	C:/Program Files/Go/src/net/http/server.go:1930 +0xb08
created by net/http.(*Server).Serve
	C:/Program Files/Go/src/net/http/server.go:3034 +0x4e8
2022/04/05 08:13:37 server.go:3160: http: panic serving [::1]:65097: runtime error: invalid memory address or nil pointer dereference
goroutine 57 [running]:
net/http.(*conn).serve.func1()
	C:/Program Files/Go/src/net/http/server.go:1802 +0xb9
panic({0x7ff7ed508fe0, 0x7ff7ed4ba530})
	C:/Program Files/Go/src/runtime/panic.go:1047 +0x266
html/template.(*Template).escape(0x0)
	C:/Program Files/Go/src/html/template/template.go:97 +0x34
html/template.(*Template).Execute(0x0, {0x7ff7ed5d01c0, 0xc00015a7e0}, {0x0, 0x0})
	C:/Program Files/Go/src/html/template/template.go:121 +0x32
todo_app/app/controllers.top({0x7ff7ed5d66e8, 0xc00015a7e0}, 0x0)
	C:/Users/r193720/Desktop/program/golang/go_udemy/todo_app/app/controllers/route_main.go:10 +0x87
net/http.HandlerFunc.ServeHTTP(0x0, {0x7ff7ed5d66e8, 0xc00015a7e0}, 0x0)
	C:/Program Files/Go/src/net/http/server.go:2047 +0x2f
net/http.(*ServeMux).ServeHTTP(0x0, {0x7ff7ed5d66e8, 0xc00015a7e0}, 0xc000204200)
	C:/Program Files/Go/src/net/http/server.go:2425 +0x149
net/http.serverHandler.ServeHTTP({0xc0002061e0}, {0x7ff7ed5d66e8, 0xc00015a7e0}, 0xc000204200)
	C:/Program Files/Go/src/net/http/server.go:2879 +0x43b
net/http.(*conn).serve(0xc000073a40, {0x7ff7ed5d7ea0, 0xc0000795f0})
	C:/Program Files/Go/src/net/http/server.go:1930 +0xb08
created by net/http.(*Server).Serve
	C:/Program Files/Go/src/net/http/server.go:3034 +0x4e8
2022/04/05 08:13:37 server.go:3160: http: panic serving [::1]:65098: runtime error: invalid memory address or nil pointer dereference
goroutine 59 [running]:
net/http.(*conn).serve.func1()
	C:/Program Files/Go/src/net/http/server.go:1802 +0xb9
panic({0x7ff7ed508fe0, 0x7ff7ed4ba530})
	C:/Program Files/Go/src/runtime/panic.go:1047 +0x266
html/template.(*Template).escape(0x0)
	C:/Program Files/Go/src/html/template/template.go:97 +0x34
html/template.(*Template).Execute(0x0, {0x7ff7ed5d01c0, 0xc0000f8380}, {0x0, 0x0})
	C:/Program Files/Go/src/html/template/template.go:121 +0x32
todo_app/app/controllers.top({0x7ff7ed5d66e8, 0xc0000f8380}, 0x0)
	C:/Users/r193720/Desktop/program/golang/go_udemy/todo_app/app/controllers/route_main.go:10 +0x87
net/http.HandlerFunc.ServeHTTP(0x0, {0x7ff7ed5d66e8, 0xc0000f8380}, 0x0)
	C:/Program Files/Go/src/net/http/server.go:2047 +0x2f
net/http.(*ServeMux).ServeHTTP(0x0, {0x7ff7ed5d66e8, 0xc0000f8380}, 0xc0000a2a00)
	C:/Program Files/Go/src/net/http/server.go:2425 +0x149
net/http.serverHandler.ServeHTTP({0xc00008c8a0}, {0x7ff7ed5d66e8, 0xc0000f8380}, 0xc0000a2a00)
	C:/Program Files/Go/src/net/http/server.go:2879 +0x43b
net/http.(*conn).serve(0xc000073ae0, {0x7ff7ed5d7ea0, 0xc0000795f0})
	C:/Program Files/Go/src/net/http/server.go:1930 +0xb08
created by net/http.(*Server).Serve
	C:/Program Files/Go/src/net/http/server.go:3034 +0x4e8
2022/04/05 08:13:37 server.go:3160: http: panic serving [::1]:65099: runtime error: invalid memory address or nil pointer dereference
goroutine 27 [running]:
net/http.(*conn).serve.func1()
	C:/Program Files/Go/src/net/http/server.go:1802 +0xb9
panic({0x7ff7ed508fe0, 0x7ff7ed4ba530})
	C:/Program Files/Go/src/runtime/panic.go:1047 +0x266
html/template.(*Template).escape(0x0)
	C:/Program Files/Go/src/html/template/template.go:97 +0x34
html/template.(*Template).Execute(0x0, {0x7ff7ed5d01c0, 0xc0002201c0}, {0x0, 0x0})
	C:/Program Files/Go/src/html/template/template.go:121 +0x32
todo_app/app/controllers.top({0x7ff7ed5d66e8, 0xc0002201c0}, 0x0)
	C:/Users/r193720/Desktop/program/golang/go_udemy/todo_app/app/controllers/route_main.go:10 +0x87
net/http.HandlerFunc.ServeHTTP(0x0, {0x7ff7ed5d66e8, 0xc0002201c0}, 0x0)
	C:/Program Files/Go/src/net/http/server.go:2047 +0x2f
net/http.(*ServeMux).ServeHTTP(0x0, {0x7ff7ed5d66e8, 0xc0002201c0}, 0xc0000a2b00)
	C:/Program Files/Go/src/net/http/server.go:2425 +0x149
net/http.serverHandler.ServeHTTP({0xc00008c960}, {0x7ff7ed5d66e8, 0xc0002201c0}, 0xc0000a2b00)
	C:/Program Files/Go/src/net/http/server.go:2879 +0x43b
net/http.(*conn).serve(0xc0000aa320, {0x7ff7ed5d7ea0, 0xc0000795f0})
	C:/Program Files/Go/src/net/http/server.go:1930 +0xb08
created by net/http.(*Server).Serve
	C:/Program Files/Go/src/net/http/server.go:3034 +0x4e8
2022/04/05 08:13:37 server.go:3160: http: panic serving [::1]:65100: runtime error: invalid memory address or nil pointer dereference
goroutine 37 [running]:
net/http.(*conn).serve.func1()
	C:/Program Files/Go/src/net/http/server.go:1802 +0xb9
panic({0x7ff7ed508fe0, 0x7ff7ed4ba530})
	C:/Program Files/Go/src/runtime/panic.go:1047 +0x266
html/template.(*Template).escape(0x0)
	C:/Program Files/Go/src/html/template/template.go:97 +0x34
html/template.(*Template).Execute(0x0, {0x7ff7ed5d01c0, 0xc0000f8460}, {0x0, 0x0})
	C:/Program Files/Go/src/html/template/template.go:121 +0x32
todo_app/app/controllers.top({0x7ff7ed5d66e8, 0xc0000f8460}, 0x0)
	C:/Users/r193720/Desktop/program/golang/go_udemy/todo_app/app/controllers/route_main.go:10 +0x87
net/http.HandlerFunc.ServeHTTP(0x0, {0x7ff7ed5d66e8, 0xc0000f8460}, 0x0)
	C:/Program Files/Go/src/net/http/server.go:2047 +0x2f
net/http.(*ServeMux).ServeHTTP(0x0, {0x7ff7ed5d66e8, 0xc0000f8460}, 0xc0000a2c00)
	C:/Program Files/Go/src/net/http/server.go:2425 +0x149
net/http.serverHandler.ServeHTTP({0xc00008ca80}, {0x7ff7ed5d66e8, 0xc0000f8460}, 0xc0000a2c00)
	C:/Program Files/Go/src/net/http/server.go:2879 +0x43b
net/http.(*conn).serve(0xc00027a000, {0x7ff7ed5d7ea0, 0xc0000795f0})
	C:/Program Files/Go/src/net/http/server.go:1930 +0xb08
created by net/http.(*Server).Serve
	C:/Program Files/Go/src/net/http/server.go:3034 +0x4e8
2022/04/05 08:13:38 server.go:3160: http: panic serving [::1]:65102: runtime error: invalid memory address or nil pointer dereference
goroutine 30 [running]:
net/http.(*conn).serve.func1()
	C:/Program Files/Go/src/net/http/server.go:1802 +0xb9
panic({0x7ff7ed508fe0, 0x7ff7ed4ba530})
	C:/Program Files/Go/src/runtime/panic.go:1047 +0x266
html/template.(*Template).escape(0x0)
	C:/Program Files/Go/src/html/template/template.go:97 +0x34
html/template.(*Template).Execute(0x0, {0x7ff7ed5d01c0, 0xc0000f8540}, {0x0, 0x0})
	C:/Program Files/Go/src/html/template/template.go:121 +0x32
todo_app/app/controllers.top({0x7ff7ed5d66e8, 0xc0000f8540}, 0x0)
	C:/Users/r193720/Desktop/program/golang/go_udemy/todo_app/app/controllers/route_main.go:10 +0x87
net/http.HandlerFunc.ServeHTTP(0x0, {0x7ff7ed5d66e8, 0xc0000f8540}, 0x0)
	C:/Program Files/Go/src/net/http/server.go:2047 +0x2f
net/http.(*ServeMux).ServeHTTP(0x0, {0x7ff7ed5d66e8, 0xc0000f8540}, 0xc0000a2d00)
	C:/Program Files/Go/src/net/http/server.go:2425 +0x149
net/http.serverHandler.ServeHTTP({0xc00008cc00}, {0x7ff7ed5d66e8, 0xc0000f8540}, 0xc0000a2d00)
	C:/Program Files/Go/src/net/http/server.go:2879 +0x43b
net/http.(*conn).serve(0xc0000aa3c0, {0x7ff7ed5d7ea0, 0xc0000795f0})
	C:/Program Files/Go/src/net/http/server.go:1930 +0xb08
created by net/http.(*Server).Serve
	C:/Program Files/Go/src/net/http/server.go:3034 +0x4e8
2022/04/05 08:13:38 server.go:3160: http: panic serving [::1]:65103: runtime error: invalid memory address or nil pointer dereference
goroutine 38 [running]:
net/http.(*conn).serve.func1()
	C:/Program Files/Go/src/net/http/server.go:1802 +0xb9
panic({0x7ff7ed508fe0, 0x7ff7ed4ba530})
	C:/Program Files/Go/src/runtime/panic.go:1047 +0x266
html/template.(*Template).escape(0x0)
	C:/Program Files/Go/src/html/template/template.go:97 +0x34
html/template.(*Template).Execute(0x0, {0x7ff7ed5d01c0, 0xc0000f8620}, {0x0, 0x0})
	C:/Program Files/Go/src/html/template/template.go:121 +0x32
todo_app/app/controllers.top({0x7ff7ed5d66e8, 0xc0000f8620}, 0x0)
	C:/Users/r193720/Desktop/program/golang/go_udemy/todo_app/app/controllers/route_main.go:10 +0x87
net/http.HandlerFunc.ServeHTTP(0x0, {0x7ff7ed5d66e8, 0xc0000f8620}, 0x0)
	C:/Program Files/Go/src/net/http/server.go:2047 +0x2f
net/http.(*ServeMux).ServeHTTP(0x0, {0x7ff7ed5d66e8, 0xc0000f8620}, 0xc0000a2e00)
	C:/Program Files/Go/src/net/http/server.go:2425 +0x149
net/http.serverHandler.ServeHTTP({0xc00008cc60}, {0x7ff7ed5d66e8, 0xc0000f8620}, 0xc0000a2e00)
	C:/Program Files/Go/src/net/http/server.go:2879 +0x43b
net/http.(*conn).serve(0xc00027a0a0, {0x7ff7ed5d7ea0, 0xc0000795f0})
	C:/Program Files/Go/src/net/http/server.go:1930 +0xb08
created by net/http.(*Server).Serve
	C:/Program Files/Go/src/net/http/server.go:3034 +0x4e8
2022/04/05 08:13:38 server.go:3160: http: panic serving [::1]:65104: runtime error: invalid memory address or nil pointer dereference
goroutine 39 [running]:
net/http.(*conn).serve.func1()
	C:/Program Files/Go/src/net/http/server.go:1802 +0xb9
panic({0x7ff7ed508fe0, 0x7ff7ed4ba530})
	C:/Program Files/Go/src/runtime/panic.go:1047 +0x266
html/template.(*Template).escape(0x0)
	C:/Program Files/Go/src/html/template/template.go:97 +0x34
html/template.(*Template).Execute(0x0, {0x7ff7ed5d01c0, 0xc0002202a0}, {0x0, 0x0})
	C:/Program Files/Go/src/html/template/template.go:121 +0x32
todo_app/app/controllers.top({0x7ff7ed5d66e8, 0xc0002202a0}, 0x0)
	C:/Users/r193720/Desktop/program/golang/go_udemy/todo_app/app/controllers/route_main.go:10 +0x87
net/http.HandlerFunc.ServeHTTP(0x0, {0x7ff7ed5d66e8, 0xc0002202a0}, 0x0)
	C:/Program Files/Go/src/net/http/server.go:2047 +0x2f
net/http.(*ServeMux).ServeHTTP(0x0, {0x7ff7ed5d66e8, 0xc0002202a0}, 0xc0000a3100)
	C:/Program Files/Go/src/net/http/server.go:2425 +0x149
net/http.serverHandler.ServeHTTP({0xc00008ce70}, {0x7ff7ed5d66e8, 0xc0002202a0}, 0xc0000a3100)
	C:/Program Files/Go/src/net/http/server.go:2879 +0x43b
net/http.(*conn).serve(0xc00027a140, {0x7ff7ed5d7ea0, 0xc0000795f0})
	C:/Program Files/Go/src/net/http/server.go:1930 +0xb08
created by net/http.(*Server).Serve
	C:/Program Files/Go/src/net/http/server.go:3034 +0x4e8
2022/04/05 08:13:43 server.go:3160: http: panic serving [::1]:65107: runtime error: invalid memory address or nil pointer dereference
goroutine 41 [running]:
net/http.(*conn).serve.func1()
	C:/Program Files/Go/src/net/http/server.go:1802 +0xb9
panic({0x7ff7ed508fe0, 0x7ff7ed4ba530})
	C:/Program Files/Go/src/runtime/panic.go:1047 +0x266
html/template.(*Template).escape(0x0)
	C:/Program Files/Go/src/html/template/template.go:97 +0x34
html/template.(*Template).Execute(0x0, {0x7ff7ed5d01c0, 0xc0000f8700}, {0x0, 0x0})
	C:/Program Files/Go/src/html/template/template.go:121 +0x32
todo_app/app/controllers.top({0x7ff7ed5d66e8, 0xc0000f8700}, 0x0)
	C:/Users/r193720/Desktop/program/golang/go_udemy/todo_app/app/controllers/route_main.go:10 +0x87
net/http.HandlerFunc.ServeHTTP(0x0, {0x7ff7ed5d66e8, 0xc0000f8700}, 0x0)
	C:/Program Files/Go/src/net/http/server.go:2047 +0x2f
net/http.(*ServeMux).ServeHTTP(0x0, {0x7ff7ed5d66e8, 0xc0000f8700}, 0xc0000a3200)
	C:/Program Files/Go/src/net/http/server.go:2425 +0x149
net/http.serverHandler.ServeHTTP({0xc00008ced0}, {0x7ff7ed5d66e8, 0xc0000f8700}, 0xc0000a3200)
	C:/Program Files/Go/src/net/http/server.go:2879 +0x43b
net/http.(*conn).serve(0xc00027a1e0, {0x7ff7ed5d7ea0, 0xc0000795f0})
	C:/Program Files/Go/src/net/http/server.go:1930 +0xb08
created by net/http.(*Server).Serve
	C:/Program Files/Go/src/net/http/server.go:3034 +0x4e8
2022/04/05 08:13:43 server.go:3160: http: panic serving [::1]:65108: runtime error: invalid memory address or nil pointer dereference
goroutine 42 [running]:
net/http.(*conn).serve.func1()
	C:/Program Files/Go/src/net/http/server.go:1802 +0xb9
panic({0x7ff7ed508fe0, 0x7ff7ed4ba530})
	C:/Program Files/Go/src/runtime/panic.go:1047 +0x266
html/template.(*Template).escape(0x0)
	C:/Program Files/Go/src/html/template/template.go:97 +0x34
html/template.(*Template).Execute(0x0, {0x7ff7ed5d01c0, 0xc0000f87e0}, {0x0, 0x0})
	C:/Program Files/Go/src/html/template/template.go:121 +0x32
todo_app/app/controllers.top({0x7ff7ed5d66e8, 0xc0000f87e0}, 0x0)
	C:/Users/r193720/Desktop/program/golang/go_udemy/todo_app/app/controllers/route_main.go:10 +0x87
net/http.HandlerFunc.ServeHTTP(0x0, {0x7ff7ed5d66e8, 0xc0000f87e0}, 0x0)
	C:/Program Files/Go/src/net/http/server.go:2047 +0x2f
net/http.(*ServeMux).ServeHTTP(0x0, {0x7ff7ed5d66e8, 0xc0000f87e0}, 0xc0000a3300)
	C:/Program Files/Go/src/net/http/server.go:2425 +0x149
net/http.serverHandler.ServeHTTP({0xc00008cf30}, {0x7ff7ed5d66e8, 0xc0000f87e0}, 0xc0000a3300)
	C:/Program Files/Go/src/net/http/server.go:2879 +0x43b
net/http.(*conn).serve(0xc00027a280, {0x7ff7ed5d7ea0, 0xc0000795f0})
	C:/Program Files/Go/src/net/http/server.go:1930 +0xb08
created by net/http.(*Server).Serve
	C:/Program Files/Go/src/net/http/server.go:3034 +0x4e8
2022/04/05 08:13:43 server.go:3160: http: panic serving [::1]:65109: runtime error: invalid memory address or nil pointer dereference
goroutine 43 [running]:
net/http.(*conn).serve.func1()
	C:/Program Files/Go/src/net/http/server.go:1802 +0xb9
panic({0x7ff7ed508fe0, 0x7ff7ed4ba530})
	C:/Program Files/Go/src/runtime/panic.go:1047 +0x266
html/template.(*Template).escape(0x0)
	C:/Program Files/Go/src/html/template/template.go:97 +0x34
html/template.(*Template).Execute(0x0, {0x7ff7ed5d01c0, 0xc0000f88c0}, {0x0, 0x0})
	C:/Program Files/Go/src/html/template/template.go:121 +0x32
todo_app/app/controllers.top({0x7ff7ed5d66e8, 0xc0000f88c0}, 0x0)
	C:/Users/r193720/Desktop/program/golang/go_udemy/todo_app/app/controllers/route_main.go:10 +0x87
net/http.HandlerFunc.ServeHTTP(0x0, {0x7ff7ed5d66e8, 0xc0000f88c0}, 0x0)
	C:/Program Files/Go/src/net/http/server.go:2047 +0x2f
net/http.(*ServeMux).ServeHTTP(0x0, {0x7ff7ed5d66e8, 0xc0000f88c0}, 0xc0000a3600)
	C:/Program Files/Go/src/net/http/server.go:2425 +0x149
net/http.serverHandler.ServeHTTP({0xc00008d110}, {0x7ff7ed5d66e8, 0xc0000f88c0}, 0xc0000a3600)
	C:/Program Files/Go/src/net/http/server.go:2879 +0x43b
net/http.(*conn).serve(0xc00027a320, {0x7ff7ed5d7ea0, 0xc0000795f0})
	C:/Program Files/Go/src/net/http/server.go:1930 +0xb08
created by net/http.(*Server).Serve
	C:/Program Files/Go/src/net/http/server.go:3034 +0x4e8
2022/04/17 13:54:21 users.go:97: attempt to write a readonly database
2022/04/17 14:29:11 server.go:3160: http: panic serving [::1]:56295: template: index.html:2: unexpected EOF
goroutine 7 [running]:
net/http.(*conn).serve.func1()
	C:/Program Files/Go/src/net/http/server.go:1802 +0xb9
panic({0x7ff7100af8c0, 0xc0000a61c0})
	C:/Program Files/Go/src/runtime/panic.go:1047 +0x266
html/template.Must(...)
	C:/Program Files/Go/src/html/template/template.go:374
todo_app/app/controllers.generateHTML({0x7ff710189388, 0xc00014c0e0}, {0x0, 0x0}, {0xc000063a08, 0x3, 0xc000063b70})
	C:/Users/ryoya/OneDrive/デスクトップ/program/golang/golang_udemy/todo_app/app/controllers/server.go:16 +0xf9
todo_app/app/controllers.index({0x7ff710189388, 0xc00014c0e0}, 0x0)
	C:/Users/ryoya/OneDrive/デスクトップ/program/golang/golang_udemy/todo_app/app/controllers/route_main.go:22 +0xe5
net/http.HandlerFunc.ServeHTTP(0x0, {0x7ff710189388, 0xc00014c0e0}, 0x0)
	C:/Program Files/Go/src/net/http/server.go:2047 +0x2f
net/http.(*ServeMux).ServeHTTP(0x0, {0x7ff710189388, 0xc00014c0e0}, 0xc0000ac100)
	C:/Program Files/Go/src/net/http/server.go:2425 +0x149
net/http.serverHandler.ServeHTTP({0xc000182030}, {0x7ff710189388, 0xc00014c0e0}, 0xc0000ac100)
	C:/Program Files/Go/src/net/http/server.go:2879 +0x43b
net/http.(*conn).serve(0xc0000694a0, {0x7ff71018aba0, 0xc00007b680})
	C:/Program Files/Go/src/net/http/server.go:1930 +0xb08
created by net/http.(*Server).Serve
	C:/Program Files/Go/src/net/http/server.go:3034 +0x4e8
2022/04/17 14:29:11 server.go:3160: http: panic serving [::1]:56296: template: index.html:2: unexpected EOF
goroutine 18 [running]:
net/http.(*conn).serve.func1()
	C:/Program Files/Go/src/net/http/server.go:1802 +0xb9
panic({0x7ff7100af8c0, 0xc0000a6400})
	C:/Program Files/Go/src/runtime/panic.go:1047 +0x266
html/template.Must(...)
	C:/Program Files/Go/src/html/template/template.go:374
todo_app/app/controllers.generateHTML({0x7ff710189388, 0xc0000be0e0}, {0x0, 0x0}, {0xc000063a08, 0x3, 0xc00009bb70})
	C:/Users/ryoya/OneDrive/デスクトップ/program/golang/golang_udemy/todo_app/app/controllers/server.go:16 +0xf9
todo_app/app/controllers.index({0x7ff710189388, 0xc0000be0e0}, 0x0)
	C:/Users/ryoya/OneDrive/デスクトップ/program/golang/golang_udemy/todo_app/app/controllers/route_main.go:22 +0xe5
net/http.HandlerFunc.ServeHTTP(0x0, {0x7ff710189388, 0xc0000be0e0}, 0x0)
	C:/Program Files/Go/src/net/http/server.go:2047 +0x2f
net/http.(*ServeMux).ServeHTTP(0x0, {0x7ff710189388, 0xc0000be0e0}, 0xc00019a100)
	C:/Program Files/Go/src/net/http/server.go:2425 +0x149
net/http.serverHandler.ServeHTTP({0xc00008e090}, {0x7ff710189388, 0xc0000be0e0}, 0xc00019a100)
	C:/Program Files/Go/src/net/http/server.go:2879 +0x43b
net/http.(*conn).serve(0xc000092000, {0x7ff71018aba0, 0xc00007b680})
	C:/Program Files/Go/src/net/http/server.go:1930 +0xb08
created by net/http.(*Server).Serve
	C:/Program Files/Go/src/net/http/server.go:3034 +0x4e8
2022/04/17 14:29:11 server.go:3160: http: panic serving [::1]:56297: template: index.html:2: unexpected EOF
goroutine 10 [running]:
net/http.(*conn).serve.func1()
	C:/Program Files/Go/src/net/http/server.go:1802 +0xb9
panic({0x7ff7100af8c0, 0xc000186170})
	C:/Program Files/Go/src/runtime/panic.go:1047 +0x266
html/template.Must(...)
	C:/Program Files/Go/src/html/template/template.go:374
todo_app/app/controllers.generateHTML({0x7ff710189388, 0xc0001b4000}, {0x0, 0x0}, {0xc0001c3a08, 0x3, 0xc000099b70})
	C:/Users/ryoya/OneDrive/デスクトップ/program/golang/golang_udemy/todo_app/app/controllers/server.go:16 +0xf9
todo_app/app/controllers.index({0x7ff710189388, 0xc0001b4000}, 0x0)
	C:/Users/ryoya/OneDrive/デスクトップ/program/golang/golang_udemy/todo_app/app/controllers/route_main.go:22 +0xe5
net/http.HandlerFunc.ServeHTTP(0x0, {0x7ff710189388, 0xc0001b4000}, 0x0)
	C:/Program Files/Go/src/net/http/server.go:2047 +0x2f
net/http.(*ServeMux).ServeHTTP(0x0, {0x7ff710189388, 0xc0001b4000}, 0xc0000ac400)
	C:/Program Files/Go/src/net/http/server.go:2425 +0x149
net/http.serverHandler.ServeHTTP({0xc00008ed80}, {0x7ff710189388, 0xc0001b4000}, 0xc0000ac400)
	C:/Program Files/Go/src/net/http/server.go:2879 +0x43b
net/http.(*conn).serve(0xc000069540, {0x7ff71018aba0, 0xc00007b680})
	C:/Program Files/Go/src/net/http/server.go:1930 +0xb08
created by net/http.(*Server).Serve
	C:/Program Files/Go/src/net/http/server.go:3034 +0x4e8
2022/04/17 14:29:12 server.go:3160: http: panic serving [::1]:56298: template: index.html:2: unexpected EOF
goroutine 36 [running]:
net/http.(*conn).serve.func1()
	C:/Program Files/Go/src/net/http/server.go:1802 +0xb9
panic({0x7ff7100af8c0, 0xc0001863a0})
	C:/Program Files/Go/src/runtime/panic.go:1047 +0x266
html/template.Must(...)
	C:/Program Files/Go/src/html/template/template.go:374
todo_app/app/controllers.generateHTML({0x7ff710189388, 0xc0001b40e0}, {0x0, 0x0}, {0xc0001bfa08, 0x3, 0xc00022db70})
	C:/Users/ryoya/OneDrive/デスクトップ/program/golang/golang_udemy/todo_app/app/controllers/server.go:16 +0xf9
todo_app/app/controllers.index({0x7ff710189388, 0xc0001b40e0}, 0x0)
	C:/Users/ryoya/OneDrive/デスクトップ/program/golang/golang_udemy/todo_app/app/controllers/route_main.go:22 +0xe5
net/http.HandlerFunc.ServeHTTP(0x0, {0x7ff710189388, 0xc0001b40e0}, 0x0)
	C:/Program Files/Go/src/net/http/server.go:2047 +0x2f
net/http.(*ServeMux).ServeHTTP(0x0, {0x7ff710189388, 0xc0001b40e0}, 0xc0000ac500)
	C:/Program Files/Go/src/net/http/server.go:2425 +0x149
net/http.serverHandler.ServeHTTP({0xc00008eea0}, {0x7ff710189388, 0xc0001b40e0}, 0xc0000ac500)
	C:/Program Files/Go/src/net/http/server.go:2879 +0x43b
net/http.(*conn).serve(0xc000280000, {0x7ff71018aba0, 0xc00007b680})
	C:/Program Files/Go/src/net/http/server.go:1930 +0xb08
created by net/http.(*Server).Serve
	C:/Program Files/Go/src/net/http/server.go:3034 +0x4e8
2022/04/17 14:29:12 server.go:3160: http: panic serving [::1]:56299: template: index.html:2: unexpected EOF
goroutine 13 [running]:
net/http.(*conn).serve.func1()
	C:/Program Files/Go/src/net/http/server.go:1802 +0xb9
panic({0x7ff7100af8c0, 0xc0000412c0})
	C:/Program Files/Go/src/runtime/panic.go:1047 +0x266
html/template.Must(...)
	C:/Program Files/Go/src/html/template/template.go:374
todo_app/app/controllers.generateHTML({0x7ff710189388, 0xc00014c1c0}, {0x0, 0x0}, {0xc000063a08, 0x3, 0xc000049b70})
	C:/Users/ryoya/OneDrive/デスクトップ/program/golang/golang_udemy/todo_app/app/controllers/server.go:16 +0xf9
todo_app/app/controllers.index({0x7ff710189388, 0xc00014c1c0}, 0x0)
	C:/Users/ryoya/OneDrive/デスクトップ/program/golang/golang_udemy/todo_app/app/controllers/route_main.go:22 +0xe5
net/http.HandlerFunc.ServeHTTP(0x0, {0x7ff710189388, 0xc00014c1c0}, 0x0)
	C:/Program Files/Go/src/net/http/server.go:2047 +0x2f
net/http.(*ServeMux).ServeHTTP(0x0, {0x7ff710189388, 0xc00014c1c0}, 0xc00013c200)
	C:/Program Files/Go/src/net/http/server.go:2425 +0x149
net/http.serverHandler.ServeHTTP({0xc00007be90}, {0x7ff710189388, 0xc00014c1c0}, 0xc00013c200)
	C:/Program Files/Go/src/net/http/server.go:2879 +0x43b
net/http.(*conn).serve(0xc0000695e0, {0x7ff71018aba0, 0xc00007b680})
	C:/Program Files/Go/src/net/http/server.go:1930 +0xb08
created by net/http.(*Server).Serve
	C:/Program Files/Go/src/net/http/server.go:3034 +0x4e8
2022/04/17 14:29:12 server.go:3160: http: panic serving [::1]:56300: template: index.html:2: unexpected EOF
goroutine 51 [running]:
net/http.(*conn).serve.func1()
	C:/Program Files/Go/src/net/http/server.go:1802 +0xb9
panic({0x7ff7100af8c0, 0xc000041500})
	C:/Program Files/Go/src/runtime/panic.go:1047 +0x266
html/template.Must(...)
	C:/Program Files/Go/src/html/template/template.go:374
todo_app/app/controllers.generateHTML({0x7ff710189388, 0xc00014c2a0}, {0x0, 0x0}, {0xc000063a08, 0x3, 0xc00030bb70})
	C:/Users/ryoya/OneDrive/デスクトップ/program/golang/golang_udemy/todo_app/app/controllers/server.go:16 +0xf9
todo_app/app/controllers.index({0x7ff710189388, 0xc00014c2a0}, 0x0)
	C:/Users/ryoya/OneDrive/デスクトップ/program/golang/golang_udemy/todo_app/app/controllers/route_main.go:22 +0xe5
net/http.HandlerFunc.ServeHTTP(0x0, {0x7ff710189388, 0xc00014c2a0}, 0x0)
	C:/Program Files/Go/src/net/http/server.go:2047 +0x2f
net/http.(*ServeMux).ServeHTTP(0x0, {0x7ff710189388, 0xc00014c2a0}, 0xc00013c500)
	C:/Program Files/Go/src/net/http/server.go:2425 +0x149
net/http.serverHandler.ServeHTTP({0xc00015e6f0}, {0x7ff710189388, 0xc00014c2a0}, 0xc00013c500)
	C:/Program Files/Go/src/net/http/server.go:2879 +0x43b
net/http.(*conn).serve(0xc000069680, {0x7ff71018aba0, 0xc00007b680})
	C:/Program Files/Go/src/net/http/server.go:1930 +0xb08
created by net/http.(*Server).Serve
	C:/Program Files/Go/src/net/http/server.go:3034 +0x4e8
2022/04/17 14:29:13 server.go:3160: http: panic serving [::1]:56301: template: index.html:2: unexpected EOF
goroutine 26 [running]:
net/http.(*conn).serve.func1()
	C:/Program Files/Go/src/net/http/server.go:1802 +0xb9
panic({0x7ff7100af8c0, 0xc000041740})
	C:/Program Files/Go/src/runtime/panic.go:1047 +0x266
html/template.Must(...)
	C:/Program Files/Go/src/html/template/template.go:374
todo_app/app/controllers.generateHTML({0x7ff710189388, 0xc00014c380}, {0x0, 0x0}, {0xc000063a08, 0x3, 0xc00022bb70})
	C:/Users/ryoya/OneDrive/デスクトップ/program/golang/golang_udemy/todo_app/app/controllers/server.go:16 +0xf9
todo_app/app/controllers.index({0x7ff710189388, 0xc00014c380}, 0x0)
	C:/Users/ryoya/OneDrive/デスクトップ/program/golang/golang_udemy/todo_app/app/controllers/route_main.go:22 +0xe5
net/http.HandlerFunc.ServeHTTP(0x0, {0x7ff710189388, 0xc00014c380}, 0x0)
	C:/Program Files/Go/src/net/http/server.go:2047 +0x2f
net/http.(*ServeMux).ServeHTTP(0x0, {0x7ff710189388, 0xc00014c380}, 0xc00013c700)
	C:/Program Files/Go/src/net/http/server.go:2425 +0x149
net/http.serverHandler.ServeHTTP({0xc00015eed0}, {0x7ff710189388, 0xc00014c380}, 0xc00013c700)
	C:/Program Files/Go/src/net/http/server.go:2879 +0x43b
net/http.(*conn).serve(0xc0000920a0, {0x7ff71018aba0, 0xc00007b680})
	C:/Program Files/Go/src/net/http/server.go:1930 +0xb08
created by net/http.(*Server).Serve
	C:/Program Files/Go/src/net/http/server.go:3034 +0x4e8
2022/04/17 14:29:13 server.go:3160: http: panic serving [::1]:56302: template: index.html:2: unexpected EOF
goroutine 27 [running]:
net/http.(*conn).serve.func1()
	C:/Program Files/Go/src/net/http/server.go:1802 +0xb9
panic({0x7ff7100af8c0, 0xc000041970})
	C:/Program Files/Go/src/runtime/panic.go:1047 +0x266
html/template.Must(...)
	C:/Program Files/Go/src/html/template/template.go:374
todo_app/app/controllers.generateHTML({0x7ff710189388, 0xc00014c460}, {0x0, 0x0}, {0xc000067a08, 0x3, 0xc000229b70})
	C:/Users/ryoya/OneDrive/デスクトップ/program/golang/golang_udemy/todo_app/app/controllers/server.go:16 +0xf9
todo_app/app/controllers.index({0x7ff710189388, 0xc00014c460}, 0x0)
	C:/Users/ryoya/OneDrive/デスクトップ/program/golang/golang_udemy/todo_app/app/controllers/route_main.go:22 +0xe5
net/http.HandlerFunc.ServeHTTP(0x0, {0x7ff710189388, 0xc00014c460}, 0x0)
	C:/Program Files/Go/src/net/http/server.go:2047 +0x2f
net/http.(*ServeMux).ServeHTTP(0x0, {0x7ff710189388, 0xc00014c460}, 0xc0000ac600)
	C:/Program Files/Go/src/net/http/server.go:2425 +0x149
net/http.serverHandler.ServeHTTP({0xc00008eff0}, {0x7ff710189388, 0xc00014c460}, 0xc0000ac600)
	C:/Program Files/Go/src/net/http/server.go:2879 +0x43b
net/http.(*conn).serve(0xc000092140, {0x7ff71018aba0, 0xc00007b680})
	C:/Program Files/Go/src/net/http/server.go:1930 +0xb08
created by net/http.(*Server).Serve
	C:/Program Files/Go/src/net/http/server.go:3034 +0x4e8
2022/04/17 14:29:13 server.go:3160: http: panic serving [::1]:56303: template: index.html:2: unexpected EOF
goroutine 28 [running]:
net/http.(*conn).serve.func1()
	C:/Program Files/Go/src/net/http/server.go:1802 +0xb9
panic({0x7ff7100af8c0, 0xc0000a6690})
	C:/Program Files/Go/src/runtime/panic.go:1047 +0x266
html/template.Must(...)
	C:/Program Files/Go/src/html/template/template.go:374
todo_app/app/controllers.generateHTML({0x7ff710189388, 0xc0000be1c0}, {0x0, 0x0}, {0xc000063a08, 0x3, 0xc000229b70})
	C:/Users/ryoya/OneDrive/デスクトップ/program/golang/golang_udemy/todo_app/app/controllers/server.go:16 +0xf9
todo_app/app/controllers.index({0x7ff710189388, 0xc0000be1c0}, 0x0)
	C:/Users/ryoya/OneDrive/デスクトップ/program/golang/golang_udemy/todo_app/app/controllers/route_main.go:22 +0xe5
net/http.HandlerFunc.ServeHTTP(0x0, {0x7ff710189388, 0xc0000be1c0}, 0x0)
	C:/Program Files/Go/src/net/http/server.go:2047 +0x2f
net/http.(*ServeMux).ServeHTTP(0x0, {0x7ff710189388, 0xc0000be1c0}, 0xc0000ac700)
	C:/Program Files/Go/src/net/http/server.go:2425 +0x149
net/http.serverHandler.ServeHTTP({0xc00008f0b0}, {0x7ff710189388, 0xc0000be1c0}, 0xc0000ac700)
	C:/Program Files/Go/src/net/http/server.go:2879 +0x43b
net/http.(*conn).serve(0xc0000921e0, {0x7ff71018aba0, 0xc00007b680})
	C:/Program Files/Go/src/net/http/server.go:1930 +0xb08
created by net/http.(*Server).Serve
	C:/Program Files/Go/src/net/http/server.go:3034 +0x4e8
2022/04/17 14:29:23 server.go:3160: http: panic serving [::1]:56305: template: index.html:2: unexpected EOF
goroutine 41 [running]:
net/http.(*conn).serve.func1()
	C:/Program Files/Go/src/net/http/server.go:1802 +0xb9
panic({0x7ff7100af8c0, 0xc0000a6720})
	C:/Program Files/Go/src/runtime/panic.go:1047 +0x266
html/template.Must(...)
	C:/Program Files/Go/src/html/template/template.go:374
todo_app/app/controllers.generateHTML({0x7ff710189388, 0xc00014c620}, {0x0, 0x0}, {0xc0001bfa08, 0x3, 0xc0001bfb70})
	C:/Users/ryoya/OneDrive/デスクトップ/program/golang/golang_udemy/todo_app/app/controllers/server.go:16 +0xf9
todo_app/app/controllers.index({0x7ff710189388, 0xc00014c620}, 0x0)
	C:/Users/ryoya/OneDrive/デスクトップ/program/golang/golang_udemy/todo_app/app/controllers/route_main.go:22 +0xe5
net/http.HandlerFunc.ServeHTTP(0x0, {0x7ff710189388, 0xc00014c620}, 0x0)
	C:/Program Files/Go/src/net/http/server.go:2047 +0x2f
net/http.(*ServeMux).ServeHTTP(0x0, {0x7ff710189388, 0xc00014c620}, 0xc00019a600)
	C:/Program Files/Go/src/net/http/server.go:2425 +0x149
net/http.serverHandler.ServeHTTP({0xc000182e70}, {0x7ff710189388, 0xc00014c620}, 0xc00019a600)
	C:/Program Files/Go/src/net/http/server.go:2879 +0x43b
net/http.(*conn).serve(0xc0002800a0, {0x7ff71018aba0, 0xc00007b680})
	C:/Program Files/Go/src/net/http/server.go:1930 +0xb08
created by net/http.(*Server).Serve
	C:/Program Files/Go/src/net/http/server.go:3034 +0x4e8
2022/04/17 14:29:23 server.go:3160: http: panic serving [::1]:56306: template: index.html:2: unexpected EOF
goroutine 42 [running]:
net/http.(*conn).serve.func1()
	C:/Program Files/Go/src/net/http/server.go:1802 +0xb9
panic({0x7ff7100af8c0, 0xc000041c10})
	C:/Program Files/Go/src/runtime/panic.go:1047 +0x266
html/template.Must(...)
	C:/Program Files/Go/src/html/template/template.go:374
todo_app/app/controllers.generateHTML({0x7ff710189388, 0xc0000be380}, {0x0, 0x0}, {0xc0001bfa08, 0x3, 0xc000309b70})
	C:/Users/ryoya/OneDrive/デスクトップ/program/golang/golang_udemy/todo_app/app/controllers/server.go:16 +0xf9
todo_app/app/controllers.index({0x7ff710189388, 0xc0000be380}, 0x0)
	C:/Users/ryoya/OneDrive/デスクトップ/program/golang/golang_udemy/todo_app/app/controllers/route_main.go:22 +0xe5
net/http.HandlerFunc.ServeHTTP(0x0, {0x7ff710189388, 0xc0000be380}, 0x0)
	C:/Program Files/Go/src/net/http/server.go:2047 +0x2f
net/http.(*ServeMux).ServeHTTP(0x0, {0x7ff710189388, 0xc0000be380}, 0xc00019a500)
	C:/Program Files/Go/src/net/http/server.go:2425 +0x149
net/http.serverHandler.ServeHTTP({0xc000182f30}, {0x7ff710189388, 0xc0000be380}, 0xc00019a500)
	C:/Program Files/Go/src/net/http/server.go:2879 +0x43b
net/http.(*conn).serve(0xc000280140, {0x7ff71018aba0, 0xc00007b680})
	C:/Program Files/Go/src/net/http/server.go:1930 +0xb08
created by net/http.(*Server).Serve
	C:/Program Files/Go/src/net/http/server.go:3034 +0x4e8
2022/04/17 14:29:23 server.go:3160: http: panic serving [::1]:56307: template: index.html:2: unexpected EOF
goroutine 69 [running]:
net/http.(*conn).serve.func1()
	C:/Program Files/Go/src/net/http/server.go:1802 +0xb9
panic({0x7ff7100af8c0, 0xc000041e50})
	C:/Program Files/Go/src/runtime/panic.go:1047 +0x266
html/template.Must(...)
	C:/Program Files/Go/src/html/template/template.go:374
todo_app/app/controllers.generateHTML({0x7ff710189388, 0xc00014c7e0}, {0x0, 0x0}, {0xc0001bfa08, 0x3, 0xc000361b70})
	C:/Users/ryoya/OneDrive/デスクトップ/program/golang/golang_udemy/todo_app/app/controllers/server.go:16 +0xf9
todo_app/app/controllers.index({0x7ff710189388, 0xc00014c7e0}, 0x0)
	C:/Users/ryoya/OneDrive/デスクトップ/program/golang/golang_udemy/todo_app/app/controllers/route_main.go:22 +0xe5
net/http.HandlerFunc.ServeHTTP(0x0, {0x7ff710189388, 0xc00014c7e0}, 0x0)
	C:/Program Files/Go/src/net/http/server.go:2047 +0x2f
net/http.(*ServeMux).ServeHTTP(0x0, {0x7ff710189388, 0xc00014c7e0}, 0xc00013c800)
	C:/Program Files/Go/src/net/http/server.go:2425 +0x149
net/http.serverHandler.ServeHTTP({0xc00035e7e0}, {0x7ff710189388, 0xc00014c7e0}, 0xc00013c800)
	C:/Program Files/Go/src/net/http/server.go:2879 +0x43b
net/http.(*conn).serve(0xc000069720, {0x7ff71018aba0, 0xc00007b680})
	C:/Program Files/Go/src/net/http/server.go:1930 +0xb08
created by net/http.(*Server).Serve
	C:/Program Files/Go/src/net/http/server.go:3034 +0x4e8
2022/04/17 14:29:25 server.go:3160: http: panic serving [::1]:56308: template: index.html:2: unexpected EOF
goroutine 74 [running]:
net/http.(*conn).serve.func1()
	C:/Program Files/Go/src/net/http/server.go:1802 +0xb9
panic({0x7ff7100af8c0, 0xc0003a4170})
	C:/Program Files/Go/src/runtime/panic.go:1047 +0x266
html/template.Must(...)
	C:/Program Files/Go/src/html/template/template.go:374
todo_app/app/controllers.generateHTML({0x7ff710189388, 0xc00014c9a0}, {0x0, 0x0}, {0xc000067a08, 0x3, 0xc000067b70})
	C:/Users/ryoya/OneDrive/デスクトップ/program/golang/golang_udemy/todo_app/app/controllers/server.go:16 +0xf9
todo_app/app/controllers.index({0x7ff710189388, 0xc00014c9a0}, 0x0)
	C:/Users/ryoya/OneDrive/デスクトップ/program/golang/golang_udemy/todo_app/app/controllers/route_main.go:22 +0xe5
net/http.HandlerFunc.ServeHTTP(0x0, {0x7ff710189388, 0xc00014c9a0}, 0x0)
	C:/Program Files/Go/src/net/http/server.go:2047 +0x2f
net/http.(*ServeMux).ServeHTTP(0x0, {0x7ff710189388, 0xc00014c9a0}, 0xc0000ac800)
	C:/Program Files/Go/src/net/http/server.go:2425 +0x149
net/http.serverHandler.ServeHTTP({0xc00035f020}, {0x7ff710189388, 0xc00014c9a0}, 0xc0000ac800)
	C:/Program Files/Go/src/net/http/server.go:2879 +0x43b
net/http.(*conn).serve(0xc0000697c0, {0x7ff71018aba0, 0xc00007b680})
	C:/Program Files/Go/src/net/http/server.go:1930 +0xb08
created by net/http.(*Server).Serve
	C:/Program Files/Go/src/net/http/server.go:3034 +0x4e8
2022/04/17 14:29:25 server.go:3160: http: panic serving [::1]:56309: template: index.html:2: unexpected EOF
goroutine 75 [running]:
net/http.(*conn).serve.func1()
	C:/Program Files/Go/src/net/http/server.go:1802 +0xb9
panic({0x7ff7100af8c0, 0xc0003a43a0})
	C:/Program Files/Go/src/runtime/panic.go:1047 +0x266
html/template.Must(...)
	C:/Program Files/Go/src/html/template/template.go:374
todo_app/app/controllers.generateHTML({0x7ff710189388, 0xc00014ca80}, {0x0, 0x0}, {0xc000063a08, 0x3, 0xc00039fb70})
	C:/Users/ryoya/OneDrive/デスクトップ/program/golang/golang_udemy/todo_app/app/controllers/server.go:16 +0xf9
todo_app/app/controllers.index({0x7ff710189388, 0xc00014ca80}, 0x0)
	C:/Users/ryoya/OneDrive/デスクトップ/program/golang/golang_udemy/todo_app/app/controllers/route_main.go:22 +0xe5
net/http.HandlerFunc.ServeHTTP(0x0, {0x7ff710189388, 0xc00014ca80}, 0x0)
	C:/Program Files/Go/src/net/http/server.go:2047 +0x2f
net/http.(*ServeMux).ServeHTTP(0x0, {0x7ff710189388, 0xc00014ca80}, 0xc00013ca00)
	C:/Program Files/Go/src/net/http/server.go:2425 +0x149
net/http.serverHandler.ServeHTTP({0xc00035f0e0}, {0x7ff710189388, 0xc00014ca80}, 0xc00013ca00)
	C:/Program Files/Go/src/net/http/server.go:2879 +0x43b
net/http.(*conn).serve(0xc000069860, {0x7ff71018aba0, 0xc00007b680})
	C:/Program Files/Go/src/net/http/server.go:1930 +0xb08
created by net/http.(*Server).Serve
	C:/Program Files/Go/src/net/http/server.go:3034 +0x4e8
2022/04/17 14:29:25 server.go:3160: http: panic serving [::1]:56310: template: index.html:2: unexpected EOF
goroutine 101 [running]:
net/http.(*conn).serve.func1()
	C:/Program Files/Go/src/net/http/server.go:1802 +0xb9
panic({0x7ff7100af8c0, 0xc0001866d0})
	C:/Program Files/Go/src/runtime/panic.go:1047 +0x266
html/template.Must(...)
	C:/Program Files/Go/src/html/template/template.go:374
todo_app/app/controllers.generateHTML({0x7ff710189388, 0xc0001b4380}, {0x0, 0x0}, {0xc000067a08, 0x3, 0xc0003afb70})
	C:/Users/ryoya/OneDrive/デスクトップ/program/golang/golang_udemy/todo_app/app/controllers/server.go:16 +0xf9
todo_app/app/controllers.index({0x7ff710189388, 0xc0001b4380}, 0x0)
	C:/Users/ryoya/OneDrive/デスクトップ/program/golang/golang_udemy/todo_app/app/controllers/route_main.go:22 +0xe5
net/http.HandlerFunc.ServeHTTP(0x0, {0x7ff710189388, 0xc0001b4380}, 0x0)
	C:/Program Files/Go/src/net/http/server.go:2047 +0x2f
net/http.(*ServeMux).ServeHTTP(0x0, {0x7ff710189388, 0xc0001b4380}, 0xc0000ac900)
	C:/Program Files/Go/src/net/http/server.go:2425 +0x149
net/http.serverHandler.ServeHTTP({0xc00008fe90}, {0x7ff710189388, 0xc0001b4380}, 0xc0000ac900)
	C:/Program Files/Go/src/net/http/server.go:2879 +0x43b
net/http.(*conn).serve(0xc000069900, {0x7ff71018aba0, 0xc00007b680})
	C:/Program Files/Go/src/net/http/server.go:1930 +0xb08
created by net/http.(*Server).Serve
	C:/Program Files/Go/src/net/http/server.go:3034 +0x4e8
2022/04/17 14:29:27 server.go:3160: http: panic serving [::1]:56311: template: index.html:2: unexpected EOF
goroutine 84 [running]:
net/http.(*conn).serve.func1()
	C:/Program Files/Go/src/net/http/server.go:1802 +0xb9
panic({0x7ff7100af8c0, 0xc0000a6aa0})
	C:/Program Files/Go/src/runtime/panic.go:1047 +0x266
html/template.Must(...)
	C:/Program Files/Go/src/html/template/template.go:374
todo_app/app/controllers.generateHTML({0x7ff710189388, 0xc0000be460}, {0x0, 0x0}, {0xc0001bfa08, 0x3, 0xc0003afb70})
	C:/Users/ryoya/OneDrive/デスクトップ/program/golang/golang_udemy/todo_app/app/controllers/server.go:16 +0xf9
todo_app/app/controllers.index({0x7ff710189388, 0xc0000be460}, 0x0)
	C:/Users/ryoya/OneDrive/デスクトップ/program/golang/golang_udemy/todo_app/app/controllers/route_main.go:22 +0xe5
net/http.HandlerFunc.ServeHTTP(0x0, {0x7ff710189388, 0xc0000be460}, 0x0)
	C:/Program Files/Go/src/net/http/server.go:2047 +0x2f
net/http.(*ServeMux).ServeHTTP(0x0, {0x7ff710189388, 0xc0000be460}, 0xc0000aca00)
	C:/Program Files/Go/src/net/http/server.go:2425 +0x149
net/http.serverHandler.ServeHTTP({0xc00008ff50}, {0x7ff710189388, 0xc0000be460}, 0xc0000aca00)
	C:/Program Files/Go/src/net/http/server.go:2879 +0x43b
net/http.(*conn).serve(0xc000092280, {0x7ff71018aba0, 0xc00007b680})
	C:/Program Files/Go/src/net/http/server.go:1930 +0xb08
created by net/http.(*Server).Serve
	C:/Program Files/Go/src/net/http/server.go:3034 +0x4e8
2022/04/17 14:29:27 server.go:3160: http: panic serving [::1]:56312: template: index.html:2: unexpected EOF
goroutine 48 [running]:
net/http.(*conn).serve.func1()
	C:/Program Files/Go/src/net/http/server.go:1802 +0xb9
panic({0x7ff7100af8c0, 0xc0000a6cd0})
	C:/Program Files/Go/src/runtime/panic.go:1047 +0x266
html/template.Must(...)
	C:/Program Files/Go/src/html/template/template.go:374
todo_app/app/controllers.generateHTML({0x7ff710189388, 0xc0000be540}, {0x0, 0x0}, {0xc0001c3a08, 0x3, 0xc000307b70})
	C:/Users/ryoya/OneDrive/デスクトップ/program/golang/golang_udemy/todo_app/app/controllers/server.go:16 +0xf9
todo_app/app/controllers.index({0x7ff710189388, 0xc0000be540}, 0x0)
	C:/Users/ryoya/OneDrive/デスクトップ/program/golang/golang_udemy/todo_app/app/controllers/route_main.go:22 +0xe5
net/http.HandlerFunc.ServeHTTP(0x0, {0x7ff710189388, 0xc0000be540}, 0x0)
	C:/Program Files/Go/src/net/http/server.go:2047 +0x2f
net/http.(*ServeMux).ServeHTTP(0x0, {0x7ff710189388, 0xc0000be540}, 0xc00019a700)
	C:/Program Files/Go/src/net/http/server.go:2425 +0x149
net/http.serverHandler.ServeHTTP({0xc000183980}, {0x7ff710189388, 0xc0000be540}, 0xc00019a700)
	C:/Program Files/Go/src/net/http/server.go:2879 +0x43b
net/http.(*conn).serve(0xc0002801e0, {0x7ff71018aba0, 0xc00007b680})
	C:/Program Files/Go/src/net/http/server.go:1930 +0xb08
created by net/http.(*Server).Serve
	C:/Program Files/Go/src/net/http/server.go:3034 +0x4e8
2022/04/17 14:29:27 server.go:3160: http: panic serving [::1]:56313: template: index.html:2: unexpected EOF
goroutine 93 [running]:
net/http.(*conn).serve.func1()
	C:/Program Files/Go/src/net/http/server.go:1802 +0xb9
panic({0x7ff7100af8c0, 0xc0000a6f00})
	C:/Program Files/Go/src/runtime/panic.go:1047 +0x266
html/template.Must(...)
	C:/Program Files/Go/src/html/template/template.go:374
todo_app/app/controllers.generateHTML({0x7ff710189388, 0xc0000be620}, {0x0, 0x0}, {0xc0001c3a08, 0x3, 0xc000307b70})
	C:/Users/ryoya/OneDrive/デスクトップ/program/golang/golang_udemy/todo_app/app/controllers/server.go:16 +0xf9
todo_app/app/controllers.index({0x7ff710189388, 0xc0000be620}, 0x0)
	C:/Users/ryoya/OneDrive/デスクトップ/program/golang/golang_udemy/todo_app/app/controllers/route_main.go:22 +0xe5
net/http.HandlerFunc.ServeHTTP(0x0, {0x7ff710189388, 0xc0000be620}, 0x0)
	C:/Program Files/Go/src/net/http/server.go:2047 +0x2f
net/http.(*ServeMux).ServeHTTP(0x0, {0x7ff710189388, 0xc0000be620}, 0xc00019a800)
	C:/Program Files/Go/src/net/http/server.go:2425 +0x149
net/http.serverHandler.ServeHTTP({0xc0001839e0}, {0x7ff710189388, 0xc0000be620}, 0xc00019a800)
	C:/Program Files/Go/src/net/http/server.go:2879 +0x43b
net/http.(*conn).serve(0xc000092320, {0x7ff71018aba0, 0xc00007b680})
	C:/Program Files/Go/src/net/http/server.go:1930 +0xb08
created by net/http.(*Server).Serve
	C:/Program Files/Go/src/net/http/server.go:3034 +0x4e8
2022/04/17 14:29:32 server.go:3160: http: panic serving [::1]:56314: template: index.html:2: unexpected EOF
goroutine 49 [running]:
net/http.(*conn).serve.func1()
	C:/Program Files/Go/src/net/http/server.go:1802 +0xb9
panic({0x7ff7100af8c0, 0xc0003a4450})
	C:/Program Files/Go/src/runtime/panic.go:1047 +0x266
html/template.Must(...)
	C:/Program Files/Go/src/html/template/template.go:374
todo_app/app/controllers.generateHTML({0x7ff710189388, 0xc0001b4460}, {0x0, 0x0}, {0xc000067a08, 0x3, 0xc000349b70})
	C:/Users/ryoya/OneDrive/デスクトップ/program/golang/golang_udemy/todo_app/app/controllers/server.go:16 +0xf9
todo_app/app/controllers.index({0x7ff710189388, 0xc0001b4460}, 0x0)
	C:/Users/ryoya/OneDrive/デスクトップ/program/golang/golang_udemy/todo_app/app/controllers/route_main.go:22 +0xe5
net/http.HandlerFunc.ServeHTTP(0x0, {0x7ff710189388, 0xc0001b4460}, 0x0)
	C:/Program Files/Go/src/net/http/server.go:2047 +0x2f
net/http.(*ServeMux).ServeHTTP(0x0, {0x7ff710189388, 0xc0001b4460}, 0xc0000acb00)
	C:/Program Files/Go/src/net/http/server.go:2425 +0x149
net/http.serverHandler.ServeHTTP({0xc0002736b0}, {0x7ff710189388, 0xc0001b4460}, 0xc0000acb00)
	C:/Program Files/Go/src/net/http/server.go:2879 +0x43b
net/http.(*conn).serve(0xc000280280, {0x7ff71018aba0, 0xc00007b680})
	C:/Program Files/Go/src/net/http/server.go:1930 +0xb08
created by net/http.(*Server).Serve
	C:/Program Files/Go/src/net/http/server.go:3034 +0x4e8
2022/04/17 14:29:32 server.go:3160: http: panic serving [::1]:56315: template: index.html:2: unexpected EOF
goroutine 114 [running]:
net/http.(*conn).serve.func1()
	C:/Program Files/Go/src/net/http/server.go:1802 +0xb9
panic({0x7ff7100af8c0, 0xc0003a4680})
	C:/Program Files/Go/src/runtime/panic.go:1047 +0x266
html/template.Must(...)
	C:/Program Files/Go/src/html/template/template.go:374
todo_app/app/controllers.generateHTML({0x7ff710189388, 0xc00014cb60}, {0x0, 0x0}, {0xc0001bfa08, 0x3, 0xc000307b70})
	C:/Users/ryoya/OneDrive/デスクトップ/program/golang/golang_udemy/todo_app/app/controllers/server.go:16 +0xf9
todo_app/app/controllers.index({0x7ff710189388, 0xc00014cb60}, 0x0)
	C:/Users/ryoya/OneDrive/デスクトップ/program/golang/golang_udemy/todo_app/app/controllers/route_main.go:22 +0xe5
net/http.HandlerFunc.ServeHTTP(0x0, {0x7ff710189388, 0xc00014cb60}, 0x0)
	C:/Program Files/Go/src/net/http/server.go:2047 +0x2f
net/http.(*ServeMux).ServeHTTP(0x0, {0x7ff710189388, 0xc00014cb60}, 0xc0000acc00)
	C:/Program Files/Go/src/net/http/server.go:2425 +0x149
net/http.serverHandler.ServeHTTP({0xc000273770}, {0x7ff710189388, 0xc00014cb60}, 0xc0000acc00)
	C:/Program Files/Go/src/net/http/server.go:2879 +0x43b
net/http.(*conn).serve(0xc0000923c0, {0x7ff71018aba0, 0xc00007b680})
	C:/Program Files/Go/src/net/http/server.go:1930 +0xb08
created by net/http.(*Server).Serve
	C:/Program Files/Go/src/net/http/server.go:3034 +0x4e8
2022/04/17 14:29:32 server.go:3160: http: panic serving [::1]:56316: template: index.html:2: unexpected EOF
goroutine 107 [running]:
net/http.(*conn).serve.func1()
	C:/Program Files/Go/src/net/http/server.go:1802 +0xb9
panic({0x7ff7100af8c0, 0xc0003a4850})
	C:/Program Files/Go/src/runtime/panic.go:1047 +0x266
html/template.Must(...)
	C:/Program Files/Go/src/html/template/template.go:374
todo_app/app/controllers.generateHTML({0x7ff710189388, 0xc00014cc40}, {0x0, 0x0}, {0xc0001bfa08, 0x3, 0xc0004a9b70})
	C:/Users/ryoya/OneDrive/デスクトップ/program/golang/golang_udemy/todo_app/app/controllers/server.go:16 +0xf9
todo_app/app/controllers.index({0x7ff710189388, 0xc00014cc40}, 0x0)
	C:/Users/ryoya/OneDrive/デスクトップ/program/golang/golang_udemy/todo_app/app/controllers/route_main.go:22 +0xe5
net/http.HandlerFunc.ServeHTTP(0x0, {0x7ff710189388, 0xc00014cc40}, 0x0)
	C:/Program Files/Go/src/net/http/server.go:2047 +0x2f
net/http.(*ServeMux).ServeHTTP(0x0, {0x7ff710189388, 0xc00014cc40}, 0xc0000acd00)
	C:/Program Files/Go/src/net/http/server.go:2425 +0x149
net/http.serverHandler.ServeHTTP({0xc0002737d0}, {0x7ff710189388, 0xc00014cc40}, 0xc0000acd00)
	C:/Program Files/Go/src/net/http/server.go:2879 +0x43b
net/http.(*conn).serve(0xc0000699a0, {0x7ff71018aba0, 0xc00007b680})
	C:/Program Files/Go/src/net/http/server.go:1930 +0xb08
created by net/http.(*Server).Serve
	C:/Program Files/Go/src/net/http/server.go:3034 +0x4e8
2022/04/17 14:30:02 server.go:3160: http: panic serving [::1]:56319: template: index.html:2: unexpected EOF
goroutine 111 [running]:
net/http.(*conn).serve.func1()
	C:/Program Files/Go/src/net/http/server.go:1802 +0xb9
panic({0x7ff7100af8c0, 0xc0000a6f90})
	C:/Program Files/Go/src/runtime/panic.go:1047 +0x266
html/template.Must(...)
	C:/Program Files/Go/src/html/template/template.go:374
todo_app/app/controllers.generateHTML({0x7ff710189388, 0xc00014cd20}, {0x0, 0x0}, {0xc0001bfa08, 0x3, 0xc0004a9b70})
	C:/Users/ryoya/OneDrive/デスクトップ/program/golang/golang_udemy/todo_app/app/controllers/server.go:16 +0xf9
todo_app/app/controllers.index({0x7ff710189388, 0xc00014cd20}, 0x0)
	C:/Users/ryoya/OneDrive/デスクトップ/program/golang/golang_udemy/todo_app/app/controllers/route_main.go:22 +0xe5
net/http.HandlerFunc.ServeHTTP(0x0, {0x7ff710189388, 0xc00014cd20}, 0x0)
	C:/Program Files/Go/src/net/http/server.go:2047 +0x2f
net/http.(*ServeMux).ServeHTTP(0x0, {0x7ff710189388, 0xc00014cd20}, 0xc0000ace00)
	C:/Program Files/Go/src/net/http/server.go:2425 +0x149
net/http.serverHandler.ServeHTTP({0xc000273890}, {0x7ff710189388, 0xc00014cd20}, 0xc0000ace00)
	C:/Program Files/Go/src/net/http/server.go:2879 +0x43b
net/http.(*conn).serve(0xc000069a40, {0x7ff71018aba0, 0xc00007b680})
	C:/Program Files/Go/src/net/http/server.go:1930 +0xb08
created by net/http.(*Server).Serve
	C:/Program Files/Go/src/net/http/server.go:3034 +0x4e8
2022/04/17 14:30:02 server.go:3160: http: panic serving [::1]:56320: template: index.html:2: unexpected EOF
goroutine 115 [running]:
net/http.(*conn).serve.func1()
	C:/Program Files/Go/src/net/http/server.go:1802 +0xb9
panic({0x7ff7100af8c0, 0xc0001869a0})
	C:/Program Files/Go/src/runtime/panic.go:1047 +0x266
html/template.Must(...)
	C:/Program Files/Go/src/html/template/template.go:374
todo_app/app/controllers.generateHTML({0x7ff710189388, 0xc0000be700}, {0x0, 0x0}, {0xc0001c3a08, 0x3, 0xc000363b70})
	C:/Users/ryoya/OneDrive/デスクトップ/program/golang/golang_udemy/todo_app/app/controllers/server.go:16 +0xf9
todo_app/app/controllers.index({0x7ff710189388, 0xc0000be700}, 0x0)
	C:/Users/ryoya/OneDrive/デスクトップ/program/golang/golang_udemy/todo_app/app/controllers/route_main.go:22 +0xe5
net/http.HandlerFunc.ServeHTTP(0x0, {0x7ff710189388, 0xc0000be700}, 0x0)
	C:/Program Files/Go/src/net/http/server.go:2047 +0x2f
net/http.(*ServeMux).ServeHTTP(0x0, {0x7ff710189388, 0xc0000be700}, 0xc00019a900)
	C:/Program Files/Go/src/net/http/server.go:2425 +0x149
net/http.serverHandler.ServeHTTP({0xc0002bc1e0}, {0x7ff710189388, 0xc0000be700}, 0xc00019a900)
	C:/Program Files/Go/src/net/http/server.go:2879 +0x43b
net/http.(*conn).serve(0xc000092460, {0x7ff71018aba0, 0xc00007b680})
	C:/Program Files/Go/src/net/http/server.go:1930 +0xb08
created by net/http.(*Server).Serve
	C:/Program Files/Go/src/net/http/server.go:3034 +0x4e8
2022/04/17 14:30:02 server.go:3160: http: panic serving [::1]:56321: template: index.html:2: unexpected EOF
goroutine 121 [running]:
net/http.(*conn).serve.func1()
	C:/Program Files/Go/src/net/http/server.go:1802 +0xb9
panic({0x7ff7100af8c0, 0xc000040f40})
	C:/Program Files/Go/src/runtime/panic.go:1047 +0x266
html/template.Must(...)
	C:/Program Files/Go/src/html/template/template.go:374
todo_app/app/controllers.generateHTML({0x7ff710189388, 0xc0000be000}, {0x0, 0x0}, {0xc000067a08, 0x3, 0xc0003a1b70})
	C:/Users/ryoya/OneDrive/デスクトップ/program/golang/golang_udemy/todo_app/app/controllers/server.go:16 +0xf9
todo_app/app/controllers.index({0x7ff710189388, 0xc0000be000}, 0x0)
	C:/Users/ryoya/OneDrive/デスクトップ/program/golang/golang_udemy/todo_app/app/controllers/route_main.go:22 +0xe5
net/http.HandlerFunc.ServeHTTP(0x4, {0x7ff710189388, 0xc0000be000}, 0x295c3b60598)
	C:/Program Files/Go/src/net/http/server.go:2047 +0x2f
net/http.(*ServeMux).ServeHTTP(0x0, {0x7ff710189388, 0xc0000be000}, 0xc00019a000)
	C:/Program Files/Go/src/net/http/server.go:2425 +0x149
net/http.serverHandler.ServeHTTP({0xc0002bc030}, {0x7ff710189388, 0xc0000be000}, 0xc00019a000)
	C:/Program Files/Go/src/net/http/server.go:2879 +0x43b
net/http.(*conn).serve(0xc000092000, {0x7ff71018aba0, 0xc00007b680})
	C:/Program Files/Go/src/net/http/server.go:1930 +0xb08
created by net/http.(*Server).Serve
	C:/Program Files/Go/src/net/http/server.go:3034 +0x4e8
